d:\计网实验\模块二\例程\发布给学生的rdt代码\windows vs2017\stopwait\debug\stopwait.pch
d:\计网实验\模块二\例程\发布给学生的rdt代码\windows vs2017\stopwait\debug\vc143.pdb
d:\计网实验\模块二\例程\发布给学生的rdt代码\windows vs2017\stopwait\debug\vc143.idb
d:\计网实验\模块二\例程\发布给学生的rdt代码\windows vs2017\stopwait\debug\stdafx.obj
d:\计网实验\模块二\例程\发布给学生的rdt代码\windows vs2017\stopwait\debug\stopwait.obj
d:\计网实验\模块二\例程\发布给学生的rdt代码\windows vs2017\stopwait\debug\stopwaitrdtreceiver.obj
d:\计网实验\模块二\例程\发布给学生的rdt代码\windows vs2017\stopwait\debug\stopwaitrdtsender.obj
d:\计网实验\模块二\例程\发布给学生的rdt代码\windows vs2017\stopwait\debug\stopwait.exe
d:\计网实验\模块二\例程\发布给学生的rdt代码\windows vs2017\stopwait\debug\stopwait.pdb
d:\计网实验\模块二\例程\发布给学生的rdt代码\windows vs2017\stopwait\debug\stopwait.ilk
d:\计网实验\模块二\例程\发布给学生的rdt代码\windows vs2017\stopwait\debug\vc141.idb
d:\计网实验\模块二\例程\发布给学生的rdt代码\windows vs2017\stopwait\debug\vc141.pdb
d:\计网实验\模块二\例程\发布给学生的rdt代码\windows vs2017\stopwait\debug\stopwait.tlog\cl.command.1.tlog
d:\计网实验\模块二\例程\发布给学生的rdt代码\windows vs2017\stopwait\debug\stopwait.tlog\cl.items.tlog
d:\计网实验\模块二\例程\发布给学生的rdt代码\windows vs2017\stopwait\debug\stopwait.tlog\cl.read.1.tlog
d:\计网实验\模块二\例程\发布给学生的rdt代码\windows vs2017\stopwait\debug\stopwait.tlog\cl.write.1.tlog
d:\计网实验\模块二\例程\发布给学生的rdt代码\windows vs2017\stopwait\debug\stopwait.tlog\link.command.1.tlog
d:\计网实验\模块二\例程\发布给学生的rdt代码\windows vs2017\stopwait\debug\stopwait.tlog\link.read.1.tlog
d:\计网实验\模块二\例程\发布给学生的rdt代码\windows vs2017\stopwait\debug\stopwait.tlog\link.secondary.1.tlog
d:\计网实验\模块二\例程\发布给学生的rdt代码\windows vs2017\stopwait\debug\stopwait.tlog\link.write.1.tlog
